TN:
SF:src\core\common.ts
FN:58,_extractCaseData
FN:83,parseEFFile
FN:146,mergeCases
FN:190,_parseDate
FN:217,_calculateHospitalDays
FN:233,evaluateCases
FN:234,(anonymous_6)
FN:240,(anonymous_7)
FN:255,(anonymous_8)
FN:258,(anonymous_9)
FN:268,(anonymous_10)
FN:277,formatResults
FNF:12
FNH:0
FNDA:0,_extractCaseData
FNDA:0,parseEFFile
FNDA:0,mergeCases
FNDA:0,_parseDate
FNDA:0,_calculateHospitalDays
FNDA:0,evaluateCases
FNDA:0,(anonymous_6)
FNDA:0,(anonymous_7)
FNDA:0,(anonymous_8)
FNDA:0,(anonymous_9)
FNDA:0,(anonymous_10)
FNDA:0,formatResults
DA:31,0
DA:50,0
DA:60,0
DA:62,0
DA:63,0
DA:65,0
DA:66,0
DA:67,0
DA:69,0
DA:84,0
DA:85,0
DA:88,0
DA:89,0
DA:90,0
DA:92,0
DA:93,0
DA:96,0
DA:97,0
DA:98,0
DA:100,0
DA:101,0
DA:102,0
DA:106,0
DA:107,0
DA:110,0
DA:111,0
DA:114,0
DA:115,0
DA:124,0
DA:125,0
DA:130,0
DA:131,0
DA:136,0
DA:147,0
DA:150,0
DA:151,0
DA:155,0
DA:156,0
DA:158,0
DA:159,0
DA:163,0
DA:164,0
DA:168,0
DA:169,0
DA:170,0
DA:171,0
DA:177,0
DA:181,0
DA:191,0
DA:193,0
DA:194,0
DA:195,0
DA:196,0
DA:198,0
DA:201,0
DA:203,0
DA:205,0
DA:206,0
DA:218,0
DA:219,0
DA:221,0
DA:224,0
DA:234,0
DA:235,0
DA:237,0
DA:240,0
DA:241,0
DA:244,0
DA:245,0
DA:248,0
DA:252,0
DA:255,0
DA:258,0
DA:261,0
DA:263,0
DA:265,0
DA:266,0
DA:268,0
DA:278,0
DA:279,0
DA:280,0
DA:281,0
DA:283,0
DA:285,0
DA:286,0
LF:85
LH:0
BRDA:60,0,0,0
BRDA:63,1,0,0
BRDA:90,2,0,0
BRDA:96,3,0,0
BRDA:96,3,1,0
BRDA:98,4,0,0
BRDA:110,5,0,0
BRDA:114,6,0,0
BRDA:124,7,0,0
BRDA:124,8,0,0
BRDA:124,8,1,0
BRDA:130,9,0,0
BRDA:130,9,1,0
BRDA:156,10,0,0
BRDA:156,10,1,0
BRDA:158,11,0,0
BRDA:163,12,0,0
BRDA:168,13,0,0
BRDA:168,14,0,0
BRDA:168,14,1,0
BRDA:170,15,0,0
BRDA:191,16,0,0
BRDA:191,17,0,0
BRDA:191,17,1,0
BRDA:201,18,0,0
BRDA:205,19,0,0
BRDA:205,19,1,0
BRDA:221,20,0,0
BRDA:221,21,0,0
BRDA:221,21,1,0
BRDA:237,22,0,0
BRDA:237,23,0,0
BRDA:237,23,1,0
BRDA:241,24,0,0
BRDA:245,25,0,0
BRDA:245,26,0,0
BRDA:245,26,1,0
BRDA:248,27,0,0
BRDA:261,28,0,0
BRDA:261,29,0,0
BRDA:261,29,1,0
BRDA:265,30,0,0
BRDA:265,30,1,0
BRDA:277,31,0,0
BRDA:285,32,0,0
BRDA:285,32,1,0
BRF:46
BRH:0
end_of_record
TN:
SF:src\core\adapters\browser.ts
FN:11,readFile
FN:12,(anonymous_1)
FN:16,(anonymous_2)
FN:24,(anonymous_3)
FN:40,downloadText
FN:68,showError
FNF:6
FNH:0
FNDA:0,readFile
FNDA:0,(anonymous_1)
FNDA:0,(anonymous_2)
FNDA:0,(anonymous_3)
FNDA:0,downloadText
FNDA:0,showError
DA:12,0
DA:13,0
DA:14,0
DA:16,0
DA:17,0
DA:18,0
DA:20,0
DA:24,0
DA:25,0
DA:28,0
DA:30,0
DA:41,0
DA:42,0
DA:44,0
DA:45,0
DA:46,0
DA:47,0
DA:48,0
DA:51,0
DA:52,0
DA:53,0
DA:54,0
DA:56,0
DA:57,0
DA:58,0
DA:70,0
DA:71,0
DA:72,0
DA:78,0
DA:79,0
DA:82,0
DA:83,0
DA:85,0
DA:86,0
DA:90,0
DA:91,0
DA:92,0
DA:93,0
DA:97,0
DA:98,0
LF:40
LH:0
BRDA:17,0,0,0
BRDA:17,0,1,0
BRDA:17,1,0,0
BRDA:17,1,1,0
BRDA:25,2,0,0
BRDA:25,2,1,0
BRDA:51,3,0,0
BRDA:51,3,1,0
BRDA:57,4,0,0
BRDA:57,5,0,0
BRDA:57,5,1,0
BRDA:68,6,0,0
BRDA:71,7,0,0
BRDA:71,7,1,0
BRDA:78,8,0,0
BRDA:78,8,1,0
BRDA:82,9,0,0
BRDA:82,9,1,0
BRDA:90,10,0,0
BRDA:91,11,0,0
BRDA:91,11,1,0
BRDA:97,12,0,0
BRF:22
BRH:0
end_of_record
TN:
SF:src\core\adapters\node.ts
FN:14,readFile
FN:15,(anonymous_1)
FN:16,(anonymous_2)
FN:32,writeFile
FN:33,(anonymous_4)
FN:46,(anonymous_5)
FN:62,listFiles
FN:63,(anonymous_7)
FN:64,(anonymous_8)
FN:71,(anonymous_9)
FN:75,(anonymous_10)
FN:89,showError
FNF:12
FNH:0
FNDA:0,readFile
FNDA:0,(anonymous_1)
FNDA:0,(anonymous_2)
FNDA:0,writeFile
FNDA:0,(anonymous_4)
FNDA:0,(anonymous_5)
FNDA:0,listFiles
FNDA:0,(anonymous_7)
FNDA:0,(anonymous_8)
FNDA:0,(anonymous_9)
FNDA:0,(anonymous_10)
FNDA:0,showError
DA:15,0
DA:16,0
DA:17,0
DA:18,0
DA:19,0
DA:21,0
DA:33,0
DA:34,0
DA:37,0
DA:38,0
DA:39,0
DA:41,0
DA:42,0
DA:46,0
DA:47,0
DA:48,0
DA:49,0
DA:51,0
DA:63,0
DA:64,0
DA:65,0
DA:66,0
DA:67,0
DA:71,0
DA:74,0
DA:75,0
DA:78,0
DA:90,0
DA:91,0
DA:92,0
LF:30
LH:0
BRDA:17,0,0,0
BRDA:37,1,0,0
BRDA:47,2,0,0
BRDA:65,3,0,0
BRDA:74,4,0,0
BRDA:74,4,1,0
BRDA:89,5,0,0
BRDA:90,6,0,0
BRDA:90,6,1,0
BRF:9
BRH:0
end_of_record
TN:
SF:src\core\common\constants.ts
FNF:0
FNH:0
DA:10,0
DA:29,0
DA:34,0
DA:39,0
LF:4
LH:0
BRF:0
BRH:0
end_of_record
TN:
SF:src\core\common\evaluator.ts
FN:16,evaluateCases
FN:17,(anonymous_1)
FN:23,(anonymous_2)
FN:36,(anonymous_3)
FN:44,(anonymous_4)
FN:54,formatResults
FN:59,(anonymous_6)
FNF:7
FNH:0
FNDA:0,evaluateCases
FNDA:0,(anonymous_1)
FNDA:0,(anonymous_2)
FNDA:0,(anonymous_3)
FNDA:0,(anonymous_4)
FNDA:0,formatResults
FNDA:0,(anonymous_6)
DA:17,0
DA:18,0
DA:20,0
DA:23,0
DA:24,0
DA:27,0
DA:28,0
DA:31,0
DA:35,0
DA:36,0
DA:37,0
DA:39,0
DA:41,0
DA:42,0
DA:44,0
DA:55,0
DA:56,0
DA:59,0
DA:60,0
LF:19
LH:0
BRDA:20,0,0,0
BRDA:20,1,0,0
BRDA:20,1,1,0
BRDA:24,2,0,0
BRDA:28,3,0,0
BRDA:28,4,0,0
BRDA:28,4,1,0
BRDA:31,5,0,0
BRDA:37,6,0,0
BRDA:37,7,0,0
BRDA:37,7,1,0
BRDA:41,8,0,0
BRDA:41,8,1,0
BRDA:54,9,0,0
BRDA:55,10,0,0
BRF:15
BRH:0
end_of_record
TN:
SF:src\core\common\parsers.ts
FN:13,extractCaseData
FN:38,parseEFFile
FN:101,mergeCases
FNF:3
FNH:3
FNDA:6,extractCaseData
FNDA:6,parseEFFile
FNDA:4,mergeCases
DA:15,6
DA:17,5
DA:18,5
DA:20,5
DA:21,5
DA:22,5
DA:24,5
DA:39,6
DA:40,6
DA:43,6
DA:44,6
DA:45,6
DA:47,6
DA:48,6
DA:51,6
DA:52,1
DA:53,1
DA:55,1
DA:56,1
DA:57,1
DA:61,5
DA:62,5
DA:65,6
DA:66,5
DA:69,5
DA:70,4
DA:79,5
DA:80,5
DA:85,0
DA:86,0
DA:91,6
DA:102,4
DA:105,4
DA:106,3
DA:110,4
DA:111,3
DA:113,2
DA:114,2
DA:118,2
DA:119,0
DA:123,2
DA:124,2
DA:125,3
DA:126,2
DA:132,1
DA:136,4
LF:46
LH:43
BRDA:15,0,0,1
BRDA:18,1,0,0
BRDA:45,2,0,0
BRDA:51,3,0,1
BRDA:51,3,1,5
BRDA:53,4,0,1
BRDA:65,5,0,5
BRDA:69,6,0,4
BRDA:79,7,0,5
BRDA:79,8,0,5
BRDA:79,8,1,5
BRDA:85,9,0,0
BRDA:85,9,1,0
BRDA:111,10,0,2
BRDA:111,10,1,1
BRDA:113,11,0,2
BRDA:118,12,0,0
BRDA:123,13,0,2
BRDA:123,14,0,2
BRDA:123,14,1,2
BRDA:125,15,0,2
BRF:21
BRH:16
end_of_record
TN:
SF:src\core\common\utils.ts
FN:11,parseDate
FN:37,calculateHospitalDays
FN:52,getErrorMessage
FNF:3
FNH:0
FNDA:0,parseDate
FNDA:0,calculateHospitalDays
FNDA:0,getErrorMessage
DA:12,0
DA:14,0
DA:15,0
DA:16,0
DA:17,0
DA:19,0
DA:22,0
DA:24,0
DA:26,0
DA:27,0
DA:38,0
DA:39,0
DA:41,0
DA:44,0
DA:53,0
DA:54,0
LF:16
LH:0
BRDA:12,0,0,0
BRDA:12,1,0,0
BRDA:12,1,1,0
BRDA:22,2,0,0
BRDA:26,3,0,0
BRDA:26,3,1,0
BRDA:41,4,0,0
BRDA:41,5,0,0
BRDA:41,5,1,0
BRDA:53,6,0,0
BRF:10
BRH:0
end_of_record
